<testsuites id="" name="" tests="1" failures="0" skipped="0" errors="0" time="2.571174">
<testsuite name="specs/12-growth-button-check.spec.ts" timestamp="2025-07-10T16:11:45.211Z" hostname="chromium" tests="1" failures="0" skipped="0" time="1.315" errors="0">
<testcase name="Growth Button Check › should show Growth button on Studio page" classname="specs/12-growth-button-check.spec.ts" time="1.315">
<system-out>
<![CDATA[Current URL: http://localhost:3001/genshi-studio/
Toolbar buttons: [
  [32m'Select (V)'[39m,        [32m'Pen (P)'[39m,
  [32m'Brush (B)'[39m,         [32m'Shapes (R)'[39m,
  [32m'Text (T)'[39m,          [32m'Eraser (E)'[39m,
  [32m'Pattern (Shift+P)'[39m, [32m'Draw'[39m,
  [32m'Parametric'[39m,        [32m'Code'[39m,
  [32m'Growth'[39m,            [32m'Undo (⌘Z)'[39m,
  [32m'Redo (⌘⇧Z)'[39m,        [32m'Presets (F)'[39m,
  [32m'Bookmarks '[39m,        [32m'Import '[39m,
  [32m'Export (E)'[39m,        [32m''[39m,
  [32m''[39m,                  [32m''[39m,
  [32m''[39m
]
Growth button count: [33m1[39m
]]>
</system-out>
</testcase>
</testsuite>
</testsuites>