<testsuites id="" name="" tests="1" failures="0" skipped="0" errors="0" time="8.140657000000001">
<testsuite name="check-console-errors.spec.ts" timestamp="2025-07-10T13:25:10.968Z" hostname="chromium" tests="1" failures="0" skipped="0" time="7.543" errors="0">
<testcase name="check console errors during load" classname="check-console-errors.spec.ts" time="7.543">
<system-out>
<![CDATA[
=== Console Messages ===
[warning] No routes matched location "/genshi-studio/" 
  at https://bob-takuya.github.io/genshi-studio/assets/react-vendor-DNnMuxeJ.js:31
[error] A bad HTTP response code (404) was received when fetching the script.
[error] Service Worker registration failed: TypeError: Failed to register a ServiceWorker for scope ('https://bob-takuya.github.io/') with script ('https://bob-takuya.github.io/sw.js'): A bad HTTP response code (404) was received when fetching the script.
  at https://bob-takuya.github.io/genshi-studio/assets/index-DsBnzNZg.js:862

Total errors: 2
Total warnings: 1
]]>
</system-out>
</testcase>
</testsuite>
</testsuites>