<testsuites id="" name="" tests="3" failures="2" skipped="0" errors="0" time="37.7571">
<testsuite name="homepage.spec.ts" timestamp="2025-07-10T13:31:18.390Z" hostname="chromium" tests="3" failures="2" skipped="0" time="34.686" errors="0">
<testcase name="Homepage › should display the homepage with correct title" classname="homepage.spec.ts" time="1.381">
<failure message="homepage.spec.ts:4:3 should display the homepage with correct title" type="FAILURE">
<![CDATA[  [chromium] › homepage.spec.ts:4:3 › Homepage › should display the homepage with correct title ────

    Error: expect.toBeVisible: Error: strict mode violation: locator('text=View Gallery') resolved to 2 elements:
        1) <a data-discover="true" href="/genshi-studio/gallery" class="inline-flex items-center gap-2 px-8 py-4 bg-secondary text-secondary-foreground rounded-lg font-semibold hover:bg-secondary/90 transition-colors">View Gallery</a> aka getByTestId('hero-section').getByRole('link', { name: 'View Gallery' })
        2) <a data-discover="true" href="/genshi-studio/gallery" class="inline-flex items-center gap-2 px-8 py-4 bg-secondary text-secondary-foreground rounded-lg font-semibold hover:bg-secondary/90 transition-colors">…</a> aka getByRole('link', { name: 'View Gallery' }).nth(1)

    Call log:
      - Expect "toBeVisible" with timeout 10000ms
      - waiting for locator('text=View Gallery')


      21 |     // Check CTA buttons
      22 |     await expect(page.locator('text=Open Studio')).toBeVisible()
    > 23 |     await expect(page.locator('text=View Gallery')).toBeVisible()
         |                                                     ^
      24 |   })
      25 |
      26 |   test('should navigate to Studio page', async ({ page }) => {
        at /Users/homeserver/ai-creative-team/projects/genshi-studio/tests/e2e/homepage.spec.ts:23:53

    attachment #1: screenshot (image/png) ──────────────────────────────────────────────────────────
    tests/results/homepage-Homepage-should-d-78a15-homepage-with-correct-title-chromium/test-failed-1.png
    ────────────────────────────────────────────────────────────────────────────────────────────────

    attachment #2: video (video/webm) ──────────────────────────────────────────────────────────────
    tests/results/homepage-Homepage-should-d-78a15-homepage-with-correct-title-chromium/video.webm
    ────────────────────────────────────────────────────────────────────────────────────────────────

    Error Context: ../results/homepage-Homepage-should-d-78a15-homepage-with-correct-title-chromium/error-context.md

    Retry #1 ───────────────────────────────────────────────────────────────────────────────────────

    Error: expect.toBeVisible: Error: strict mode violation: locator('text=View Gallery') resolved to 2 elements:
        1) <a data-discover="true" href="/genshi-studio/gallery" class="inline-flex items-center gap-2 px-8 py-4 bg-secondary text-secondary-foreground rounded-lg font-semibold hover:bg-secondary/90 transition-colors">View Gallery</a> aka getByTestId('hero-section').getByRole('link', { name: 'View Gallery' })
        2) <a data-discover="true" href="/genshi-studio/gallery" class="inline-flex items-center gap-2 px-8 py-4 bg-secondary text-secondary-foreground rounded-lg font-semibold hover:bg-secondary/90 transition-colors">…</a> aka getByRole('link', { name: 'View Gallery' }).nth(1)

    Call log:
      - Expect "toBeVisible" with timeout 10000ms
      - waiting for locator('text=View Gallery')


      21 |     // Check CTA buttons
      22 |     await expect(page.locator('text=Open Studio')).toBeVisible()
    > 23 |     await expect(page.locator('text=View Gallery')).toBeVisible()
         |                                                     ^
      24 |   })
      25 |
      26 |   test('should navigate to Studio page', async ({ page }) => {
        at /Users/homeserver/ai-creative-team/projects/genshi-studio/tests/e2e/homepage.spec.ts:23:53

    attachment #1: screenshot (image/png) ──────────────────────────────────────────────────────────
    tests/results/homepage-Homepage-should-d-78a15-homepage-with-correct-title-chromium-retry1/test-failed-1.png
    ────────────────────────────────────────────────────────────────────────────────────────────────

    attachment #2: video (video/webm) ──────────────────────────────────────────────────────────────
    tests/results/homepage-Homepage-should-d-78a15-homepage-with-correct-title-chromium-retry1/video.webm
    ────────────────────────────────────────────────────────────────────────────────────────────────

    Error Context: ../results/homepage-Homepage-should-d-78a15-homepage-with-correct-title-chromium-retry1/error-context.md

    attachment #4: trace (application/zip) ─────────────────────────────────────────────────────────
    tests/results/homepage-Homepage-should-d-78a15-homepage-with-correct-title-chromium-retry1/trace.zip
    Usage:

        npx playwright show-trace tests/results/homepage-Homepage-should-d-78a15-homepage-with-correct-title-chromium-retry1/trace.zip

    ────────────────────────────────────────────────────────────────────────────────────────────────

    Retry #2 ───────────────────────────────────────────────────────────────────────────────────────

    Error: expect.toBeVisible: Error: strict mode violation: locator('text=View Gallery') resolved to 2 elements:
        1) <a data-discover="true" href="/genshi-studio/gallery" class="inline-flex items-center gap-2 px-8 py-4 bg-secondary text-secondary-foreground rounded-lg font-semibold hover:bg-secondary/90 transition-colors">View Gallery</a> aka getByTestId('hero-section').getByRole('link', { name: 'View Gallery' })
        2) <a data-discover="true" href="/genshi-studio/gallery" class="inline-flex items-center gap-2 px-8 py-4 bg-secondary text-secondary-foreground rounded-lg font-semibold hover:bg-secondary/90 transition-colors">…</a> aka getByRole('link', { name: 'View Gallery' }).nth(1)

    Call log:
      - Expect "toBeVisible" with timeout 10000ms
      - waiting for locator('text=View Gallery')


      21 |     // Check CTA buttons
      22 |     await expect(page.locator('text=Open Studio')).toBeVisible()
    > 23 |     await expect(page.locator('text=View Gallery')).toBeVisible()
         |                                                     ^
      24 |   })
      25 |
      26 |   test('should navigate to Studio page', async ({ page }) => {
        at /Users/homeserver/ai-creative-team/projects/genshi-studio/tests/e2e/homepage.spec.ts:23:53

    attachment #1: screenshot (image/png) ──────────────────────────────────────────────────────────
    tests/results/homepage-Homepage-should-d-78a15-homepage-with-correct-title-chromium-retry2/test-failed-1.png
    ────────────────────────────────────────────────────────────────────────────────────────────────

    attachment #2: video (video/webm) ──────────────────────────────────────────────────────────────
    tests/results/homepage-Homepage-should-d-78a15-homepage-with-correct-title-chromium-retry2/video.webm
    ────────────────────────────────────────────────────────────────────────────────────────────────

    Error Context: ../results/homepage-Homepage-should-d-78a15-homepage-with-correct-title-chromium-retry2/error-context.md
]]>
</failure>
<system-out>
<![CDATA[
[[ATTACHMENT|../results/homepage-Homepage-should-d-78a15-homepage-with-correct-title-chromium/test-failed-1.png]]

[[ATTACHMENT|../results/homepage-Homepage-should-d-78a15-homepage-with-correct-title-chromium/video.webm]]

[[ATTACHMENT|../results/homepage-Homepage-should-d-78a15-homepage-with-correct-title-chromium/error-context.md]]

[[ATTACHMENT|../results/homepage-Homepage-should-d-78a15-homepage-with-correct-title-chromium-retry1/test-failed-1.png]]

[[ATTACHMENT|../results/homepage-Homepage-should-d-78a15-homepage-with-correct-title-chromium-retry1/video.webm]]

[[ATTACHMENT|../results/homepage-Homepage-should-d-78a15-homepage-with-correct-title-chromium-retry1/error-context.md]]

[[ATTACHMENT|../results/homepage-Homepage-should-d-78a15-homepage-with-correct-title-chromium-retry1/trace.zip]]

[[ATTACHMENT|../results/homepage-Homepage-should-d-78a15-homepage-with-correct-title-chromium-retry2/test-failed-1.png]]

[[ATTACHMENT|../results/homepage-Homepage-should-d-78a15-homepage-with-correct-title-chromium-retry2/video.webm]]

[[ATTACHMENT|../results/homepage-Homepage-should-d-78a15-homepage-with-correct-title-chromium-retry2/error-context.md]]
]]>
</system-out>
</testcase>
<testcase name="Homepage › should navigate to Studio page" classname="homepage.spec.ts" time="32.859">
<failure message="homepage.spec.ts:26:3 should navigate to Studio page" type="FAILURE">
<![CDATA[  [chromium] › homepage.spec.ts:26:3 › Homepage › should navigate to Studio page ───────────────────

    Error: Timed out 10000ms waiting for expect(locator).toBeVisible()

    Locator: locator('canvas')
    Expected: visible
    Received: <element(s) not found>
    Call log:
      - Expect "toBeVisible" with timeout 10000ms
      - waiting for locator('canvas')


      34 |     
      35 |     // Verify canvas is present
    > 36 |     await expect(page.locator('canvas')).toBeVisible()
         |                                          ^
      37 |   })
      38 |
      39 |   test('should toggle theme', async ({ page }) => {
        at /Users/homeserver/ai-creative-team/projects/genshi-studio/tests/e2e/homepage.spec.ts:36:42

    attachment #1: screenshot (image/png) ──────────────────────────────────────────────────────────
    tests/results/homepage-Homepage-should-navigate-to-Studio-page-chromium/test-failed-1.png
    ────────────────────────────────────────────────────────────────────────────────────────────────

    attachment #2: video (video/webm) ──────────────────────────────────────────────────────────────
    tests/results/homepage-Homepage-should-navigate-to-Studio-page-chromium/video.webm
    ────────────────────────────────────────────────────────────────────────────────────────────────

    Retry #1 ───────────────────────────────────────────────────────────────────────────────────────

    Error: Timed out 10000ms waiting for expect(locator).toBeVisible()

    Locator: locator('canvas')
    Expected: visible
    Received: <element(s) not found>
    Call log:
      - Expect "toBeVisible" with timeout 10000ms
      - waiting for locator('canvas')


      34 |     
      35 |     // Verify canvas is present
    > 36 |     await expect(page.locator('canvas')).toBeVisible()
         |                                          ^
      37 |   })
      38 |
      39 |   test('should toggle theme', async ({ page }) => {
        at /Users/homeserver/ai-creative-team/projects/genshi-studio/tests/e2e/homepage.spec.ts:36:42

    attachment #1: screenshot (image/png) ──────────────────────────────────────────────────────────
    tests/results/homepage-Homepage-should-navigate-to-Studio-page-chromium-retry1/test-failed-1.png
    ────────────────────────────────────────────────────────────────────────────────────────────────

    attachment #2: video (video/webm) ──────────────────────────────────────────────────────────────
    tests/results/homepage-Homepage-should-navigate-to-Studio-page-chromium-retry1/video.webm
    ────────────────────────────────────────────────────────────────────────────────────────────────

    attachment #3: trace (application/zip) ─────────────────────────────────────────────────────────
    tests/results/homepage-Homepage-should-navigate-to-Studio-page-chromium-retry1/trace.zip
    Usage:

        npx playwright show-trace tests/results/homepage-Homepage-should-navigate-to-Studio-page-chromium-retry1/trace.zip

    ────────────────────────────────────────────────────────────────────────────────────────────────

    Retry #2 ───────────────────────────────────────────────────────────────────────────────────────

    Error: Timed out 10000ms waiting for expect(locator).toBeVisible()

    Locator: locator('canvas')
    Expected: visible
    Received: <element(s) not found>
    Call log:
      - Expect "toBeVisible" with timeout 10000ms
      - waiting for locator('canvas')


      34 |     
      35 |     // Verify canvas is present
    > 36 |     await expect(page.locator('canvas')).toBeVisible()
         |                                          ^
      37 |   })
      38 |
      39 |   test('should toggle theme', async ({ page }) => {
        at /Users/homeserver/ai-creative-team/projects/genshi-studio/tests/e2e/homepage.spec.ts:36:42

    attachment #1: screenshot (image/png) ──────────────────────────────────────────────────────────
    tests/results/homepage-Homepage-should-navigate-to-Studio-page-chromium-retry2/test-failed-1.png
    ────────────────────────────────────────────────────────────────────────────────────────────────

    attachment #2: video (video/webm) ──────────────────────────────────────────────────────────────
    tests/results/homepage-Homepage-should-navigate-to-Studio-page-chromium-retry2/video.webm
    ────────────────────────────────────────────────────────────────────────────────────────────────
]]>
</failure>
<system-out>
<![CDATA[
[[ATTACHMENT|../results/homepage-Homepage-should-navigate-to-Studio-page-chromium/test-failed-1.png]]

[[ATTACHMENT|../results/homepage-Homepage-should-navigate-to-Studio-page-chromium/video.webm]]

[[ATTACHMENT|../results/homepage-Homepage-should-navigate-to-Studio-page-chromium-retry1/test-failed-1.png]]

[[ATTACHMENT|../results/homepage-Homepage-should-navigate-to-Studio-page-chromium-retry1/video.webm]]

[[ATTACHMENT|../results/homepage-Homepage-should-navigate-to-Studio-page-chromium-retry1/trace.zip]]

[[ATTACHMENT|../results/homepage-Homepage-should-navigate-to-Studio-page-chromium-retry2/test-failed-1.png]]

[[ATTACHMENT|../results/homepage-Homepage-should-navigate-to-Studio-page-chromium-retry2/video.webm]]
]]>
</system-out>
</testcase>
<testcase name="Homepage › should toggle theme" classname="homepage.spec.ts" time="0.446">
</testcase>
</testsuite>
</testsuites>