<testsuites id="" name="" tests="1" failures="1" skipped="0" errors="0" time="33.66655600000001">
<testsuite name="homepage.spec.ts" timestamp="2025-07-10T14:06:01.097Z" hostname="chromium" tests="1" failures="1" skipped="0" time="31.474" errors="0">
<testcase name="Homepage › should display the homepage with correct title" classname="homepage.spec.ts" time="31.474">
<failure message="homepage.spec.ts:4:3 should display the homepage with correct title" type="FAILURE">
<![CDATA[  [chromium] › homepage.spec.ts:4:3 › Homepage › should display the homepage with correct title ────

    Error: Timed out 10000ms waiting for expect(page).toHaveTitle(expected)

    Locator: locator(':root')
    Expected string: "Genshi Studio - Digital Art & Cultural Pattern Generator"
    Received string: ""
    Call log:
      - Expect "toHaveTitle" with timeout 10000ms
      - waiting for locator(':root')
        14 × locator resolved to <html>…</html>
           - unexpected value ""


       6 |     
       7 |     // Check page title
    >  8 |     await expect(page).toHaveTitle('Genshi Studio - Digital Art & Cultural Pattern Generator')
         |                        ^
       9 |     
      10 |     // Check main heading is visible
      11 |     const heading = page.locator('h1')
        at /Users/homeserver/ai-creative-team/projects/genshi-studio/tests/e2e/homepage.spec.ts:8:24

    attachment #1: screenshot (image/png) ──────────────────────────────────────────────────────────
    tests/results/homepage-Homepage-should-d-78a15-homepage-with-correct-title-chromium/test-failed-1.png
    ────────────────────────────────────────────────────────────────────────────────────────────────

    attachment #2: video (video/webm) ──────────────────────────────────────────────────────────────
    tests/results/homepage-Homepage-should-d-78a15-homepage-with-correct-title-chromium/video.webm
    ────────────────────────────────────────────────────────────────────────────────────────────────

    Error Context: ../results/homepage-Homepage-should-d-78a15-homepage-with-correct-title-chromium/error-context.md

    Retry #1 ───────────────────────────────────────────────────────────────────────────────────────

    Error: Timed out 10000ms waiting for expect(page).toHaveTitle(expected)

    Locator: locator(':root')
    Expected string: "Genshi Studio - Digital Art & Cultural Pattern Generator"
    Received string: ""
    Call log:
      - Expect "toHaveTitle" with timeout 10000ms
      - waiting for locator(':root')
        14 × locator resolved to <html>…</html>
           - unexpected value ""


       6 |     
       7 |     // Check page title
    >  8 |     await expect(page).toHaveTitle('Genshi Studio - Digital Art & Cultural Pattern Generator')
         |                        ^
       9 |     
      10 |     // Check main heading is visible
      11 |     const heading = page.locator('h1')
        at /Users/homeserver/ai-creative-team/projects/genshi-studio/tests/e2e/homepage.spec.ts:8:24

    attachment #1: screenshot (image/png) ──────────────────────────────────────────────────────────
    tests/results/homepage-Homepage-should-d-78a15-homepage-with-correct-title-chromium-retry1/test-failed-1.png
    ────────────────────────────────────────────────────────────────────────────────────────────────

    attachment #2: video (video/webm) ──────────────────────────────────────────────────────────────
    tests/results/homepage-Homepage-should-d-78a15-homepage-with-correct-title-chromium-retry1/video.webm
    ────────────────────────────────────────────────────────────────────────────────────────────────

    Error Context: ../results/homepage-Homepage-should-d-78a15-homepage-with-correct-title-chromium-retry1/error-context.md

    attachment #4: trace (application/zip) ─────────────────────────────────────────────────────────
    tests/results/homepage-Homepage-should-d-78a15-homepage-with-correct-title-chromium-retry1/trace.zip
    Usage:

        npx playwright show-trace tests/results/homepage-Homepage-should-d-78a15-homepage-with-correct-title-chromium-retry1/trace.zip

    ────────────────────────────────────────────────────────────────────────────────────────────────

    Retry #2 ───────────────────────────────────────────────────────────────────────────────────────

    Error: Timed out 10000ms waiting for expect(page).toHaveTitle(expected)

    Locator: locator(':root')
    Expected string: "Genshi Studio - Digital Art & Cultural Pattern Generator"
    Received string: ""
    Call log:
      - Expect "toHaveTitle" with timeout 10000ms
      - waiting for locator(':root')
        14 × locator resolved to <html>…</html>
           - unexpected value ""


       6 |     
       7 |     // Check page title
    >  8 |     await expect(page).toHaveTitle('Genshi Studio - Digital Art & Cultural Pattern Generator')
         |                        ^
       9 |     
      10 |     // Check main heading is visible
      11 |     const heading = page.locator('h1')
        at /Users/homeserver/ai-creative-team/projects/genshi-studio/tests/e2e/homepage.spec.ts:8:24

    attachment #1: screenshot (image/png) ──────────────────────────────────────────────────────────
    tests/results/homepage-Homepage-should-d-78a15-homepage-with-correct-title-chromium-retry2/test-failed-1.png
    ────────────────────────────────────────────────────────────────────────────────────────────────

    attachment #2: video (video/webm) ──────────────────────────────────────────────────────────────
    tests/results/homepage-Homepage-should-d-78a15-homepage-with-correct-title-chromium-retry2/video.webm
    ────────────────────────────────────────────────────────────────────────────────────────────────

    Error Context: ../results/homepage-Homepage-should-d-78a15-homepage-with-correct-title-chromium-retry2/error-context.md
]]>
</failure>
<system-out>
<![CDATA[
[[ATTACHMENT|../results/homepage-Homepage-should-d-78a15-homepage-with-correct-title-chromium/test-failed-1.png]]

[[ATTACHMENT|../results/homepage-Homepage-should-d-78a15-homepage-with-correct-title-chromium/video.webm]]

[[ATTACHMENT|../results/homepage-Homepage-should-d-78a15-homepage-with-correct-title-chromium/error-context.md]]

[[ATTACHMENT|../results/homepage-Homepage-should-d-78a15-homepage-with-correct-title-chromium-retry1/test-failed-1.png]]

[[ATTACHMENT|../results/homepage-Homepage-should-d-78a15-homepage-with-correct-title-chromium-retry1/video.webm]]

[[ATTACHMENT|../results/homepage-Homepage-should-d-78a15-homepage-with-correct-title-chromium-retry1/error-context.md]]

[[ATTACHMENT|../results/homepage-Homepage-should-d-78a15-homepage-with-correct-title-chromium-retry1/trace.zip]]

[[ATTACHMENT|../results/homepage-Homepage-should-d-78a15-homepage-with-correct-title-chromium-retry2/test-failed-1.png]]

[[ATTACHMENT|../results/homepage-Homepage-should-d-78a15-homepage-with-correct-title-chromium-retry2/video.webm]]

[[ATTACHMENT|../results/homepage-Homepage-should-d-78a15-homepage-with-correct-title-chromium-retry2/error-context.md]]
]]>
</system-out>
<system-err>
<![CDATA[  [38;5;45;1mpw:api [0m=> browserType.launch started [38;5;45m+0ms[0m
  [38;5;45;1mpw:api [0m<= browserType.launch succeeded [38;5;45m+537ms[0m
  [38;5;45;1mpw:api [0m=> browser.newContext started [38;5;45m+2ms[0m
  [38;5;45;1mpw:api [0m<= browser.newContext succeeded [38;5;45m+30ms[0m
  [38;5;45;1mpw:api [0m=> browserContext.newPage started [38;5;45m+2ms[0m
  [38;5;45;1mpw:api [0m<= browserContext.newPage succeeded [38;5;45m+249ms[0m
  [38;5;45;1mpw:api [0m=> page.goto started [38;5;45m+3ms[0m
  [38;5;45;1mpw:api [0mnavigating to "http://localhost:3001/genshi-studio", waiting until "load" [38;5;45m+1ms[0m
  [38;5;45;1mpw:api [0m  "commit" event fired [38;5;45m+12ms[0m
  [38;5;45;1mpw:api [0m  navigated to "http://localhost:3001/genshi-studio" [38;5;45m+0ms[0m
  [38;5;45;1mpw:api [0m  "domcontentloaded" event fired [38;5;45m+7ms[0m
  [38;5;45;1mpw:api [0m  "load" event fired [38;5;45m+0ms[0m
  [38;5;45;1mpw:api [0m<= page.goto succeeded [38;5;45m+1ms[0m
  [38;5;45;1mpw:api [0m=> expect.toHaveTitle started [38;5;45m+5ms[0m
  [38;5;45;1mpw:api [0mExpect "toHaveTitle" with timeout 10000ms [38;5;45m+3ms[0m
  [38;5;45;1mpw:api [0mwaiting for locator(':root') [38;5;45m+1ms[0m
  [38;5;45;1mpw:api [0m  locator resolved to <html>…</html> [38;5;45m+19ms[0m
  [38;5;45;1mpw:api [0m  unexpected value "" [38;5;45m+0ms[0m
  [38;5;45;1mpw:api [0m  locator resolved to <html>…</html> [38;5;45m+1ms[0m
  [38;5;45;1mpw:api [0m  unexpected value "" [38;5;45m+0ms[0m
  [38;5;45;1mpw:api [0m  locator resolved to <html>…</html> [38;5;45m+101ms[0m
  [38;5;45;1mpw:api [0m  unexpected value "" [38;5;45m+0ms[0m
  [38;5;45;1mpw:api [0m  locator resolved to <html>…</html> [38;5;45m+251ms[0m
  [38;5;45;1mpw:api [0m  unexpected value "" [38;5;45m+1ms[0m
  [38;5;45;1mpw:api [0m  "networkidle" event fired [38;5;45m+112ms[0m
  [38;5;45;1mpw:api [0m  locator resolved to <html>…</html> [38;5;45m+389ms[0m
  [38;5;45;1mpw:api [0m  unexpected value "" [38;5;45m+0ms[0m
  [38;5;45;1mpw:api [0m  locator resolved to <html>…</html> [38;5;45m+1s[0m
  [38;5;45;1mpw:api [0m  unexpected value "" [38;5;45m+0ms[0m
  [38;5;45;1mpw:api [0m  locator resolved to <html>…</html> [38;5;45m+1s[0m
  [38;5;45;1mpw:api [0m  unexpected value "" [38;5;45m+0ms[0m
  [38;5;45;1mpw:api [0m  locator resolved to <html>…</html> [38;5;45m+1s[0m
  [38;5;45;1mpw:api [0m  unexpected value "" [38;5;45m+0ms[0m
  [38;5;45;1mpw:api [0m  locator resolved to <html>…</html> [38;5;45m+1s[0m
  [38;5;45;1mpw:api [0m  unexpected value "" [38;5;45m+0ms[0m
  [38;5;45;1mpw:api [0m  locator resolved to <html>…</html> [38;5;45m+1s[0m
  [38;5;45;1mpw:api [0m  unexpected value "" [38;5;45m+0ms[0m
  [38;5;45;1mpw:api [0m  locator resolved to <html>…</html> [38;5;45m+1s[0m
  [38;5;45;1mpw:api [0m  unexpected value "" [38;5;45m+0ms[0m
  [38;5;45;1mpw:api [0m  locator resolved to <html>…</html> [38;5;45m+1s[0m
  [38;5;45;1mpw:api [0m  unexpected value "" [38;5;45m+0ms[0m
  [38;5;45;1mpw:api [0m  locator resolved to <html>…</html> [38;5;45m+1s[0m
  [38;5;45;1mpw:api [0m  unexpected value "" [38;5;45m+0ms[0m
  [38;5;45;1mpw:api [0m  locator resolved to <html>…</html> [38;5;45m+1s[0m
  [38;5;45;1mpw:api [0m  unexpected value "" [38;5;45m+0ms[0m
  [38;5;45;1mpw:api [0m<= expect.toHaveTitle succeeded [38;5;45m+102ms[0m
  [38;5;45;1mpw:api [0m=> page.screenshot started [38;5;45m+3ms[0m
  [38;5;45;1mpw:api [0mtaking page screenshot [38;5;45m+1ms[0m
  [38;5;45;1mpw:api [0mwaiting for fonts to load... [38;5;45m+1ms[0m
  [38;5;45;1mpw:api [0mfonts loaded [38;5;45m+1ms[0m
  [38;5;45;1mpw:api [0m<= page.screenshot succeeded [38;5;45m+35ms[0m
  [38;5;45;1mpw:api [0mwaiting for locator('body') [38;5;45m+4ms[0m
  [38;5;45;1mpw:api [0m  locator resolved to <body>…</body> [38;5;45m+2ms[0m
  [38;5;45;1mpw:api [0m=> browserType.launch started [38;5;45m+0ms[0m
  [38;5;45;1mpw:api [0m<= browserType.launch succeeded [38;5;45m+214ms[0m
  [38;5;45;1mpw:api [0m=> browser.newContext started [38;5;45m+3ms[0m
  [38;5;45;1mpw:api [0m<= browser.newContext succeeded [38;5;45m+7ms[0m
  [38;5;45;1mpw:api [0m=> browserContext.newPage started [38;5;45m+5ms[0m
  [38;5;45;1mpw:api [0m<= browserContext.newPage succeeded [38;5;45m+188ms[0m
  [38;5;45;1mpw:api [0m=> page.goto started [38;5;45m+2ms[0m
  [38;5;45;1mpw:api [0mnavigating to "http://localhost:3001/genshi-studio", waiting until "load" [38;5;45m+4ms[0m
  [38;5;45;1mpw:api [0m  "commit" event fired [38;5;45m+8ms[0m
  [38;5;45;1mpw:api [0m  navigated to "http://localhost:3001/genshi-studio" [38;5;45m+0ms[0m
  [38;5;45;1mpw:api [0m  "domcontentloaded" event fired [38;5;45m+3ms[0m
  [38;5;45;1mpw:api [0m  "load" event fired [38;5;45m+1ms[0m
  [38;5;45;1mpw:api [0m<= page.goto succeeded [38;5;45m+5ms[0m
  [38;5;45;1mpw:api [0m=> expect.toHaveTitle started [38;5;45m+3ms[0m
  [38;5;45;1mpw:api [0mExpect "toHaveTitle" with timeout 10000ms [38;5;45m+2ms[0m
  [38;5;45;1mpw:api [0mwaiting for locator(':root') [38;5;45m+1ms[0m
  [38;5;45;1mpw:api [0m  locator resolved to <html>…</html> [38;5;45m+10ms[0m
  [38;5;45;1mpw:api [0m  unexpected value "" [38;5;45m+1ms[0m
  [38;5;45;1mpw:api [0m  locator resolved to <html>…</html> [38;5;45m+0ms[0m
  [38;5;45;1mpw:api [0m  unexpected value "" [38;5;45m+0ms[0m
  [38;5;45;1mpw:api [0m  locator resolved to <html>…</html> [38;5;45m+101ms[0m
  [38;5;45;1mpw:api [0m  unexpected value "" [38;5;45m+0ms[0m
  [38;5;45;1mpw:api [0m  locator resolved to <html>…</html> [38;5;45m+252ms[0m
  [38;5;45;1mpw:api [0m  unexpected value "" [38;5;45m+0ms[0m
  [38;5;45;1mpw:api [0m  "networkidle" event fired [38;5;45m+125ms[0m
  [38;5;45;1mpw:api [0m  locator resolved to <html>…</html> [38;5;45m+378ms[0m
  [38;5;45;1mpw:api [0m  unexpected value "" [38;5;45m+0ms[0m
  [38;5;45;1mpw:api [0m  locator resolved to <html>…</html> [38;5;45m+1s[0m
  [38;5;45;1mpw:api [0m  unexpected value "" [38;5;45m+0ms[0m
  [38;5;45;1mpw:api [0m  locator resolved to <html>…</html> [38;5;45m+1s[0m
  [38;5;45;1mpw:api [0m  unexpected value "" [38;5;45m+0ms[0m
  [38;5;45;1mpw:api [0m  locator resolved to <html>…</html> [38;5;45m+1s[0m
  [38;5;45;1mpw:api [0m  unexpected value "" [38;5;45m+0ms[0m
  [38;5;45;1mpw:api [0m  locator resolved to <html>…</html> [38;5;45m+1s[0m
  [38;5;45;1mpw:api [0m  unexpected value "" [38;5;45m+0ms[0m
  [38;5;45;1mpw:api [0m  locator resolved to <html>…</html> [38;5;45m+1s[0m
  [38;5;45;1mpw:api [0m  unexpected value "" [38;5;45m+0ms[0m
  [38;5;45;1mpw:api [0m  locator resolved to <html>…</html> [38;5;45m+1s[0m
  [38;5;45;1mpw:api [0m  unexpected value "" [38;5;45m+0ms[0m
  [38;5;45;1mpw:api [0m  locator resolved to <html>…</html> [38;5;45m+1s[0m
  [38;5;45;1mpw:api [0m  unexpected value "" [38;5;45m+0ms[0m
  [38;5;45;1mpw:api [0m  locator resolved to <html>…</html> [38;5;45m+1s[0m
  [38;5;45;1mpw:api [0m  unexpected value "" [38;5;45m+0ms[0m
  [38;5;45;1mpw:api [0m  locator resolved to <html>…</html> [38;5;45m+1s[0m
  [38;5;45;1mpw:api [0m  unexpected value "" [38;5;45m+0ms[0m
  [38;5;45;1mpw:api [0m<= expect.toHaveTitle succeeded [38;5;45m+120ms[0m
  [38;5;45;1mpw:api [0m=> page.screenshot started [38;5;45m+2ms[0m
  [38;5;45;1mpw:api [0mtaking page screenshot [38;5;45m+1ms[0m
  [38;5;45;1mpw:api [0mwaiting for fonts to load... [38;5;45m+1ms[0m
  [38;5;45;1mpw:api [0mfonts loaded [38;5;45m+0ms[0m
  [38;5;45;1mpw:api [0m<= page.screenshot succeeded [38;5;45m+29ms[0m
  [38;5;45;1mpw:api [0mwaiting for locator('body') [38;5;45m+16ms[0m
  [38;5;45;1mpw:api [0m  locator resolved to <body>…</body> [38;5;45m+1ms[0m
  [38;5;45;1mpw:api [0m=> browserType.launch started [38;5;45m+0ms[0m
  [38;5;45;1mpw:api [0m<= browserType.launch succeeded [38;5;45m+209ms[0m
  [38;5;45;1mpw:api [0m=> browser.newContext started [38;5;45m+4ms[0m
  [38;5;45;1mpw:api [0m<= browser.newContext succeeded [38;5;45m+7ms[0m
  [38;5;45;1mpw:api [0m=> browserContext.newPage started [38;5;45m+1ms[0m
  [38;5;45;1mpw:api [0m<= browserContext.newPage succeeded [38;5;45m+103ms[0m
  [38;5;45;1mpw:api [0m=> page.goto started [38;5;45m+3ms[0m
  [38;5;45;1mpw:api [0mnavigating to "http://localhost:3001/genshi-studio", waiting until "load" [38;5;45m+0ms[0m
  [38;5;45;1mpw:api [0m  "commit" event fired [38;5;45m+6ms[0m
  [38;5;45;1mpw:api [0m  navigated to "http://localhost:3001/genshi-studio" [38;5;45m+0ms[0m
  [38;5;45;1mpw:api [0m  "domcontentloaded" event fired [38;5;45m+2ms[0m
  [38;5;45;1mpw:api [0m  "load" event fired [38;5;45m+0ms[0m
  [38;5;45;1mpw:api [0m<= page.goto succeeded [38;5;45m+1ms[0m
  [38;5;45;1mpw:api [0m=> expect.toHaveTitle started [38;5;45m+4ms[0m
  [38;5;45;1mpw:api [0mExpect "toHaveTitle" with timeout 10000ms [38;5;45m+1ms[0m
  [38;5;45;1mpw:api [0mwaiting for locator(':root') [38;5;45m+1ms[0m
  [38;5;45;1mpw:api [0m  locator resolved to <html>…</html> [38;5;45m+15ms[0m
  [38;5;45;1mpw:api [0m  unexpected value "" [38;5;45m+0ms[0m
  [38;5;45;1mpw:api [0m  locator resolved to <html>…</html> [38;5;45m+1ms[0m
  [38;5;45;1mpw:api [0m  unexpected value "" [38;5;45m+0ms[0m
  [38;5;45;1mpw:api [0m  locator resolved to <html>…</html> [38;5;45m+102ms[0m
  [38;5;45;1mpw:api [0m  unexpected value "" [38;5;45m+0ms[0m
  [38;5;45;1mpw:api [0m  locator resolved to <html>…</html> [38;5;45m+251ms[0m
  [38;5;45;1mpw:api [0m  unexpected value "" [38;5;45m+0ms[0m
  [38;5;45;1mpw:api [0m  "networkidle" event fired [38;5;45m+125ms[0m
  [38;5;45;1mpw:api [0m  locator resolved to <html>…</html> [38;5;45m+378ms[0m
  [38;5;45;1mpw:api [0m  unexpected value "" [38;5;45m+0ms[0m
  [38;5;45;1mpw:api [0m  locator resolved to <html>…</html> [38;5;45m+1s[0m
  [38;5;45;1mpw:api [0m  unexpected value "" [38;5;45m+0ms[0m
  [38;5;45;1mpw:api [0m  locator resolved to <html>…</html> [38;5;45m+1s[0m
  [38;5;45;1mpw:api [0m  unexpected value "" [38;5;45m+0ms[0m
  [38;5;45;1mpw:api [0m  locator resolved to <html>…</html> [38;5;45m+1s[0m
  [38;5;45;1mpw:api [0m  unexpected value "" [38;5;45m+0ms[0m
  [38;5;45;1mpw:api [0m  locator resolved to <html>…</html> [38;5;45m+1s[0m
  [38;5;45;1mpw:api [0m  unexpected value "" [38;5;45m+0ms[0m
  [38;5;45;1mpw:api [0m  locator resolved to <html>…</html> [38;5;45m+1s[0m
  [38;5;45;1mpw:api [0m  unexpected value "" [38;5;45m+0ms[0m
  [38;5;45;1mpw:api [0m  locator resolved to <html>…</html> [38;5;45m+1s[0m
  [38;5;45;1mpw:api [0m  unexpected value "" [38;5;45m+0ms[0m
  [38;5;45;1mpw:api [0m  locator resolved to <html>…</html> [38;5;45m+1s[0m
  [38;5;45;1mpw:api [0m  unexpected value "" [38;5;45m+0ms[0m
  [38;5;45;1mpw:api [0m  locator resolved to <html>…</html> [38;5;45m+1s[0m
  [38;5;45;1mpw:api [0m  unexpected value "" [38;5;45m+0ms[0m
  [38;5;45;1mpw:api [0m  locator resolved to <html>…</html> [38;5;45m+1s[0m
  [38;5;45;1mpw:api [0m  unexpected value "" [38;5;45m+0ms[0m
  [38;5;45;1mpw:api [0m<= expect.toHaveTitle succeeded [38;5;45m+113ms[0m
  [38;5;45;1mpw:api [0m=> page.screenshot started [38;5;45m+3ms[0m
  [38;5;45;1mpw:api [0mtaking page screenshot [38;5;45m+0ms[0m
  [38;5;45;1mpw:api [0mwaiting for fonts to load... [38;5;45m+1ms[0m
  [38;5;45;1mpw:api [0mfonts loaded [38;5;45m+0ms[0m
  [38;5;45;1mpw:api [0m<= page.screenshot succeeded [38;5;45m+30ms[0m
  [38;5;45;1mpw:api [0mwaiting for locator('body') [38;5;45m+4ms[0m
  [38;5;45;1mpw:api [0m  locator resolved to <body>…</body> [38;5;45m+2ms[0m
]]>
</system-err>
</testcase>
</testsuite>
</testsuites>